
[    0.0000 Intiizingcgup susys cpuset
[    0.0000] Inialzinggrup ubsys cu
[    0.000000] Initializing cgroup subsys cpuacct
[   0.000000] Linuversion 4.4.0-93-generic (buildd@lgw-0) (gcc version 5.4.0 20160609 (Ubuntu 5.4.0-6ubuntu1~16.04.4) ) #6-buntu SMP Fri Aug 11 21::5 UT2017 (Ubuntu 4.4.0-93.116-generic 4.4.79)
[    0.000000] Command line: BOOT_IMAGE=/boot/vmlinuz-4.4.0-93-generic root=UUID=2fcba7a1-77bf-4d12-b01b-d1ff410d1a0a ro console=tty1 console=ttyS0
[    0.000000] KERNEL suported cpus:
[    0.000000]   Intel GenuineIntel
[    0.000000]   AMD AuthenticAMD
[   000000]   Centaur CentaurHauls
[    0.00000x86/puxstate_offset[2]:  576, xstate_sizes[2]:  256
[    0.000000] x86/fpu: Supporting XSAVE featu 001: 'x87 fatng point registers'
[    0.000000] x86/fpu: Supporting XSAVE feature 0x02: 'SSE registers'
[    0.000000] x86/fpu: Supporting XSAVE feature 0x04: 'AVX registers'
[    0.000000] x86/fpu: Enabled xstate features 0x7, cntt size is 832 bytes, using tandard' format.
[    0.000000] x86/fpu: Using 'lazy' FPU context swches.
[    0.000000] e820: BIOS-provided physical RAM map:
[    0.000000] BIOS-e820: [mem 0x0000000000000000-0x0000000000009fbf] sabe
[    0.00000] OS-e820 [mem 0x000000000009fc00-0x0000000000ffff rseved
[   0.00000] OSe820 [m x00000000f0000-000000000fffff] reserved
[    0.000000] BIOS-e820: [mem 0x0000000000100000-0x000000003ffeffff] usable
[    0.0000] IOS-e820: [mem 0x000000003fff0000-0x000000003fffffff] ACPI data
[    0.000000] BIOS-e820: [mem 0x00000000fffc0000-0x00000000ffffffff] reserved
[    0.00000]X (Execute Disable) protection: active
[    0.000000] SMBIOS 2.5 present.
[    0.000000] Hypervisor detected: KVM
[    0.000000] e820: last_pfn = 0x3fff0 max_arch_pfn = 0x400000000
[    0.000000] MTRR: Disabled
[    0.000000] x86/PAT: MTRRs disabl, kippng PAT initialization too.
[    0.000000] CPU MTR all ank - virtulized system.
[    0.000000] x86/PAT: Configuration [0-7]: WB  WT  UC- UC  B T  UC- UC  
[    0.000000] found SMP MP-table at [mem 0x0009fff0-0x0009ffff] mappe a [ff880009f0]
[    0.000000] Scanning 1 areas for low memory corruption
[    0.000000] RAMDISK: [mem 0x36232000-0x37110fff]
[    0.000000] ACPI: Earl tle checksum verification disabled
[    0.000000] ACPI: RSDP 0x00000000000E0000 000024 (v02 VBOX  )
[    0.000000] ACPI: XSDT 0x000000003FFF0030 00003C (v01 VBOX   VBOXXSDT 00000001 ASL  00000061)
[    0.000000] ACPI: FACP 0x000000003FFF00F0 0000F4 (v04 VBOX   VBOXFACP 00000001 ASL  00000061)
[    0.000000] ACPI: DSDT 0x000000003FFF0470 002118 (v01 VBOX   VBOXBIOS 00000002 INTL 20100528)
[   0.000000] ACPI: FACS 0x000000003FFF0200000040
[    .000000] ACPI: FACS 0x000000003FFF0200 000040
[    0.000000] ACPI: APIC 00000003FFF0240 00005C (v02 VBOX   VBOXAPIC 00000001 ASL  00000061)
[    0.000000] ACPI: SSDT 0x000000003FFF02A0 0001CC (v01 VBOX   VBOXCPUT 00000002 INTL 20100528)
[    0.000000] No NUMA configuration found
[    0.000000] Faking a node at [mem 0x0000000000000000-0x000000003ffeffff]
[    0.000000] NODE_DATA(0) allocated [mem 0x3ffeb000-0x3ffeffff]
[    0.000000] kvm-clock: Using msrs 4b564d01 and 4b564d00
[    0.000000] kvm-clock: cpu 0, msr 0:3ffe3001, primary cpu clock
[    0.000000] kvm-clock: using sched offset of 3498029400 cycles
[    0.000000] clocksource: kvm-clock: mask: 0xffffffffffffffffmacycles: 0x1cd42e4dffb, max_idle_ns: 881590591483 ns
[    0.000000] Zone ranges:
[    0.000000]   DMA      [mem 0x0000000000001000-0x0000000000ffffff]
[    0.000000  MA32    [emx0000000001000000-0x000000003ffeffff]
[    0.000000]   Normal   empty
[    0.000000]   Device   empty
[    0.000000] Movable zone start for each node
[    0.000000] Early memory node ranges
[    0.000000] noe   0: [mem 0x0000000000001000-0x000000000009efff]
[    0.000000]   node   0: [mem 0x00000000001000-000000003ffeffff]
[    0.000000] Initmem setup node 0 [mem 000000000100-0x000000003ffeffff]
[    0.000000] ACPI: PM-Timer IO Port: 0x4008
[    0.000000] IOAPIC[0]: apic_id 2, verio17, address 0xfec00000, GSI0-
[   .00000]ACI:INSROVR bus 0 buirq  gbal_rq dfldf
[   0000] CPI: NTSRC_OVR (bus 0 bus_irq 9 global_irq 9 ig lvel)
[  0000000] UinACPI(MT)foSM conigraio ifomatin
[    0.000000]mpoot:Alwing  CUs 0 hopl CPUs
[  0.0000 P: Regiser nosa mory: [em0x0000-0x000ff]
[    0.000000] PM: Registered nosave memory: [mem x0009f000-0x0009ffff]
[    0.00000] PM: Registerd nosae memory: [mem 0x000a0000-0x000effff]
[    00000] P Rgistered nosave mmo: [mem 0x000f0000-0x000fff]
[    0.000000] e820: [mem 0x40000000-0xfffbffff] available for PCI devices
[    0.000000] Booting paravirtualized kernel on KVM
[   0.000000] clocksource: refined-jiffies: mask: 0xffffffff max_cycles: 0xffffffff, x_dle_ns: 7645519600211568 ns
[    0.000000] setup_percpu: NR_CPUS:512 nr_cpumask_bits:512 nr_u_ds:2 nr_node_ids:1
[    0.000000] PERCPU: Embedded 34 pages/cpu @ffff88003fc00000 s98328 r8192 d32744 u1048576
[    0.00000 PVqsinlock hash table entries: 256 (order: 0, 4096 bytes)
[    0.000000] Built 1 zonelists in Nodorder, mobility grouping on.  Total pages: 257913
[    0.000000] Policy zone: DMA32
[    0.000000] Kernel command line: BOO_IMAGE=/boot/vmlnu4.4.0-93-generic root=UUID=2fcba7a1-77bf-4d12-1bd1ff410d1a0a ro onle=tty1 console=ttyS0
[    0.000000] PID hash table entries: 4096 (order: 3, 32768 bytes)
[    0.000000] Memory: 997336K/1048120K available (8479K kernel code, 1294K rwdata, 3984K rodata, 1492K init, 1316K bss, 50784K reserved, 0K cma-reserved)
[    0.000000] SLUB: HWalign=64, Order=0-3, MinObjects=0, CPUs2,odes=1
[  000000Hierarchical RCU implementation.
[    0.000000] 	Build-tme adjtmnt of leaf fanout to 64.
[    0.000000] 	R reestricing CPUsrom NR_CPUS=512 to nr_cpu_ids=2.
[    0.000000] RCU: Adjusting geometry for rcu_fanout_leaf=64, nr_cpu_ids=2
[    0.00000] NR_QS3302nr_irqs:440 16
[    0.000000] Console: colour VGA+ 80x25
[    0.000000] console [tty1] enabled
[    0.000000] console [ttyS0] enabled
[    0.000000] tsc: Detected 2199.998 MHz processor
[    5.666586] Calibrating delay loop (skipped) preset value.. 4399.99 BogoMIPS (lpj=8799992)
[    5.689487] pid_max: default: 32768 minimum: 301
[    5.692398] ACPI: Core revision 20150930
[    5.698511] ACPI: 2 ACPI AML tables successfully acquired and loaded
[    5.708101] Security Framework initialized
[    5.710564] Yama: becoming mindful.
[    5.719337] AppArmor: AppArmor initialized
[    5.722196] Dentry cache hash table entries: 131072 (order: 8, 1048576 bytes)
[    5.731558] Inode-cache hash table entries: 65536 (order: 7, 524288 bytes)
[    5.739126] Mount-cache hash table entries: 2048 (order: 2, 16384 bytes)
[    5.748154] Mountpoint-cache hash table entries: 2048 (order: 2, 16384 bytes)
[    5.763661] Initializing cgroup subsys io
[    5.766715] Initializing cgroup subsys memory
[    5.773834] Initializing cgroup subsys devices
[    5.786545] Initializing cgroup subsys freezer
[    5.795426] Initializing cgroup subsys net_cls
[    5.796503] Initializing cgroup subsys perf_event
[    5.818325] Initializing cgroup subsys net_prio
[    5.837054] Initializing cgroup subsys hugetlb
[    5.871874] Initializing cgroup subsys pids
[    5.873291] CPU: Physical Processor ID: 0
[    5.903013] CPU: Processor Core ID: 0
[    5.924101] mce: CPU supports 0 MCE banks
[    5.925106] Last level iTLB entries: 4KB 64, 2MB 8, 4MB 8
[    5.943012] Last level dTLB entries: 4KB 64, 2MB 0, 4MB 0, 1GB 4
[    5.954441] Freeing SMP alternatives memory: 32K (ffffffff820ba000 - ffffffff820c2000)
[    6.011812] ftrace: allocating 32136 entries in 126 pages
[    6.078883] smpboot: APIC(0) Converting physical 0 to logical package 0
[    6.094725] smpboot: Max logical packages: 1
[    6.096933] ..TIMER: vector=0x30 apic1=0 pin1=2 apic2=-1 pin2=-1
[    6.225367] smpboot: CPU0: Intel(R) Core(TM) i7-5650U CPU @ 2.20GHz (family: 0x6, model: 0x3d, stepping: 0x4)
[    6.271613] Performance Events: unsupported p6 CPU model 61 no PMU driver, software events only.
[    6.280649] KVM setup paravirtual spinlock
[    6.289295] x86: Booting SMP configuration:
[    6.306311] .... node  #0, CPUs:      #1
[    6.332513] kvm-clock: cpu 1, msr 0:3ffe3041, secondary cpu clock
[    6.337237] mce: CPU supports 0 MCE banks
[    6.352506] x86: Booted up 1 node, 2 CPUs
[    6.366344] smpboot: Total of 2 processors activated (8799.99 BogoMIPS)
[    6.395876] devtmpfs: initialized
[    6.409756] evm: security.selinux
[    6.417844] evm: security.SMACK64
[    6.418696] evm: security.SMACK64EXEC
[    6.447259] evm: security.SMACK64TRANSMUTE
[    6.455110] evm: security.SMACK64MMAP
[    6.482507] evm: security.ima
[    6.487576] evm: security.capability
[    6.489071] clocksource: jiffies: mask: 0xffffffff max_cycles: 0xffffffff, max_idle_ns: 7645041785100000 ns
[    6.504908] futex hash table entries: 512 (order: 3, 32768 bytes)
[    6.566462] pinctrl core: initialized pinctrl subsystem
[    6.620325] RTC time:  7:56:43, date: 08/29/17
[    6.642194] NET: Registered protocol family 16
[    6.682267] cpuidle: using governor ladder
[    6.706231] cpuidle: using governor menu
[    6.752217] PCCT header not found.
[    6.763958] ACPI: bus type PCI registered
[    6.771612] acpiphp: ACPI Hot Plug PCI Controller Driver version: 0.5
[    6.774557] PCI: Using configuration type 1 for base access
[    6.811095] ACPI: Added _OSI(Module Device)
[    6.813534] ACPI: Added _OSI(Processor Device)
[    6.817045] ACPI: Added _OSI(3.0 _SCP Extensions)
[    6.826059] ACPI: Added _OSI(Processor Aggregator Device)
[    6.837283] ACPI: Executed 1 blocks of module-level executable AML code
[    6.852869] ACPI: Interpreter enabled
[    6.856169] ACPI: (supports S0 S5)
[    6.859203] ACPI: Using IOAPIC for interrupt routing
[    6.863744] PCI: Using host bridge windows from ACPI; if necessary, use "pci=nocrs" and report a bug
[    6.880948] ACPI: PCI Root Bridge [PCI0] (domain 0000 [bus 00-ff])
[    6.887234] acpi PNP0A03:00: _OSC: OS supports [ASPM ClockPM Segments MSI]
[    6.906173] acpi PNP0A03:00: _OSC failed (AE_NOT_FOUND); disabling ASPM
[    6.907583] acpi PNP0A03:00: fail to add MMCONFIG information, can't access extended PCI configuration space under this bridge.
[    6.921882] PCI host bridge to bus 0000:00
[    6.953919] pci_bus 0000:00: root bus resource [io  0x0000-0x0cf7 window]
[    6.958465] pci_bus 0000:00: root bus resource [io  0x0d00-0xffff window]
[    7.004913] pci_bus 0000:00: root bus resource [mem 0x000a0000-0x000bffff window]
[    7.022433] pci_bus 0000:00: root bus resource [mem 0x40000000-0xffdfffff window]
[    7.024186] pci_bus 0000:00: root bus resource [bus 00-ff]
[    7.027069] pci 0000:00:01.1: legacy IDE quirk: reg 0x10: [io  0x01f0-0x01f7]
[    7.049514] pci 0000:00:01.1: legacy IDE quirk: reg 0x14: [io  0x03f6]
[    7.072315] pci 0000:00:01.1: legacy IDE quirk: reg 0x18: [io  0x0170-0x0177]
[    7.078099] pci 0000:00:01.1: legacy IDE quirk: reg 0x1c: [io  0x0376]
[    7.139199] ACPI: PCI Interrupt Link [LNKA] (IRQs 5 9 10 11) *0, disabled.
[    7.170450] ACPI: PCI Interrupt Link [LNKB] (IRQs 5 9 10 *11)
[    7.172139] ACPI: PCI Interrupt Link [LNKC] (IRQs 5 9 *10 11)
[    7.179366] ACPI: PCI Interrupt Link [LNKD] (IRQs 5 *9 10 11)
[    7.183885] ACPI: Enabled 2 GPEs in block 00 to 07
[    7.187978] vgaarb: setting as boot device: PCI:0000:00:02.0
[    7.218104] vgaarb: device added: PCI:0000:00:02.0,decodes=io+mem,owns=io+mem,locks=none
[    7.251253] vgaarb: loaded
[    7.253633] vgaarb: bridge control possible 0000:00:02.0
[    7.255474] SCSI subsystem initialized
[    7.269670] ACPI: bus type USB registered
[    7.270748] usbcore: registered new interface driver usbfs
[    7.283033] usbcore: registered new interface driver hub
[    7.319390] usbcore: registered new device driver usb
[    7.363718] PCI: Using ACPI for IRQ routing
[    7.386331] NetLabel: Initializing
[    7.438252] NetLabel:  domain hash size = 128
[    7.469060] NetLabel:  protocols = UNLABELED CIPSOv4
[    7.519192] NetLabel:  unlabeled traffic allowed by default
[    7.542173] amd_nb: Cannot enumerate AMD northbridges
[    7.575777] clocksource: Switched to clocksource kvm-clock
[    76633 AArr:ApArmor Filesystem Enabled
[   7.230] p: PnP ACPI init
[    8.1067pn P AI:ou 3 devices
[    8.525358] clocksource: acpi_pm: mask: 0xffffff max_cycles: 0xffffff, max_idle_ns: 2085701024 ns
[    8.593973] NET: Registered protocol family 2
[    8.627949] TCP established hash table entries: 8192 (order: 4, 65536 bytes)
[    8.653734] TCP bind hash table entries: 8192 (order: 5, 131072 bytes)
[    8.680781] TCP: Hash tables configured (established 8192 bind 8192)
[    8.709454] UDP hash table entries: 512 (order: 2, 16384 bytes)
[    8.796704] UDP-Lite hash table entries: 512 (order: 2, 16384 bytes)
[    8.852149] NET: Registered protocol family 1
[    8.883973] pci 0000:00:00.0: Limiting direct PCI/PCI transfers
[    8.927156] pci 0000:00:01.0: Activating ISA DMA hang workarounds
[    8.955348] Unpacking initramfs...
[    9.312502] Freeing initrd memory: 15228K (ffff880036232000 - ffff880037111000)
[    9.349126] RAPL PMU detected, API unit is 2^-32 Joules, 4 fixed counters 10737418240 ms ovfl timer
[    9.502948] hw unit of domain pp0-core 2^-0 Joules
[    9.556267] hw unit of domain package 2^-0 Joules
[    9.585814] hw unit of domain dram 2^-0 Joules
[    9.613967] hw unit of domain pp1-gpu 2^-0 Joules
[    9.636587] platform rtc_cmos: registered platform RTC device (no PNP device found)
[    9.656443] Scanning for low memory corruption every 60 seconds
[    9.658116] audit: initializing netlink subsys (disabled)
[    9.686202] audit: type=2000 audit(1503993404.392:1): initialized
[    9.710091] Initialise system trusted keyring
[    9.737016] HugeTLB registered 2 MB page size, pre-allocated 0 pages
[    9.818889] zbud lde

[    9.964544] VF: skuotas dquot_6.6.0
[  11052] VFS: Dquot-cch hah blenries: 512 (orer 0, 409bys)
[ 10371]sc Rein T cckur cibtion: 2199.30MH

[   1063245] clocksource:sc mask: 0xffffffffffffffff max_cycles: 0x1fb4d57243b, max_idle_ns: 440795307425 ns
[   11.512405] squashf vrsion 4.0 (2009/01/31) Phillip Lougher
[   11.638349] fuse init (API version 7.23)
[   11.647220] Key type big_key registered
[   11.655024] Allocating IMA MOK and blacklist keyrings.
[   11.693010] Key type asymmetric registered
[   11.699621] Asymmetric key parser 'x509' registered
[   11.710463] Block layer SCSI generic (bsg) driver version 0.4 loaded (major 249)
[   11.737882] io scheduler noop registered
[   11.769121] io scheduler deadline registered (default)
[   11.770343] io scheduler cfq registered
[   11.771436] pci_hotplug: PCI Hot Plug PCI Core version: 0.5
[   11.797607] pciehp: PCI Express Hot Plug Controller Driver version: 0.4
[   11.819440] ACPI: AC Adapter [AC] (off-line)
[   11.827221] input: Power Button as /devices/LNXSYSTM:00/LNXPWRBN:00/input/input0
[   11.865354] ACPI: Power Button [PWRF]
[   11.894464] input: Sleep Button as /devices/LNXSYSTM:00/LNXSLPBN:00/input/input1
[   11.937058] ACPI: Sleep Button [SLPF]
[   11.939432] ACPI: Battery Slot [BAT0] (battery present)
[   11.944327] GHES: HEST is not enaled!

[   11.944439] Serial: 8250/16550 driver, 32 ports, IRQ sharing enabled
[   11.976627] 00:02: ttyS0 at I/O 0x3f8 (irq = 4, base_baud = 115200) is a 16550A
[   12.016438] Linux agpgart interface v0.103
[   12.037127] loop: module loaded
[   12.037732] scsi host0: ata_piix
[   12.037802] scsi host1: ata_piix
[   12.037839] ata1: PATA max UDMA/33 cmd 0x1f0 ctl 0x3f6 bmdma 0xd000 irq 14
[   12.037840] ata2: PATA max UDMA/33 cmd 0x170 ctl 0x376 bmdma 0xd008 irq 15
[   12.037934] libphy: Fixed MDIO Bus: probed
[   12.037938] tun: Universal TUN/TAP device driver, 1.6
[   12.037938] tun: (C) 1999-2004 Max Krasnyansky <maxk@qualcomm.com>
[   12.037989] PPP generic driver version 2.4.2
[   12.038053] ehci_hcd: USB 2.0 'Enhanced' Host Controller (EHCI) Driver
[   12.038058] ehci-pci: EHCI PCI platform driver
[   12.038081] ehci-platform: EHCI generic platform driver
[   12.038092] ohci_hcd: USB 1.1 'Open' Host Controller (OHCI) Driver
[   12.038096] ohci-pci: OHCI PCI platform driver
[   12.038106] ohci-platform: OHCI generic platform driver
[   12.038115] uhci_hcd: USB Universal Host Controller Interface driver
[   12.038186] i8042: PNP: PS/2 Controller [PNP0303:PS2K,PNP0f03:PS2M] at 0x60,0x64 irq 1,12
[   12.043088] serio: i8042 KBD port at 0x60,0x64 irq 1
[   12.043094] serio: i8042 AUX port at 0x60,0x64 irq 12
[   12.043291] mousedev: PS/2 mouse device common for all mice
[   12.043646] rtc_cmos rtc_cmos: rtc core: registered rtc_cmos as rtc0
[   12.043699] rtc_cmos rtc_cmos: alarms up to one day, 114 bytes nvram
[   12.043705] i2c /dev entries driver
[   12.043758] device-mapper: uevent: version 1.0.3
[   12.043836] device-mapper: ioctl: 4.34.0-ioctl (2015-10-28) initialised: dm-devel@redhat.com
[   12.043849] ledtrig-cpu: registered to indicate activity on CPUs
[   12.044085] NET: Registered protocol family 10
[   12.044224] NET: Registered protocol family 17
[   12.044232] Key type dns_resolver registered
[   12.045110] microcode: CPU0 sig=0x306d4, pf=0x40, revision=0x0
[   12.045116] microcode: CPU1 sig=0x306d4, pf=0x40, revision=0x0
[   12.045167] microcode: Microcode Update Driver: v2.01 <tigran@aivazian.fsnet.co.uk>, Peter Oruba
[   12.045265] registered taskstats version 1
[   12.045279] Loading compiled-in X.509 certificates
[   12.045845] Loaded X.509 cert 'Build time autogenerated kernel key: a6f98c496ad22cf23b77f8fe21ff88c41791cbd4'
[   12.045883] zswap: loaded using pool lzo/zbud
[   12.049578] Key type trusted registered
[   12.052969] Key type encrypted registered
[   12.052978] AppArmor: AppArmor sha1 policy hashing enabled
[   12.052982] ima: No TPM chip found, activating TPM-bypass!
[   12.053012] evm: HMAC attrs: 0x1
[   12.053367]   Magic number: 13:822:926
[   12.057000] rtc_cmos rtc_cmos: setting system clock to 2017-08-29 07:56:48 UTC (1503993408)
[   12.057218] BIOS EDD facility v0.16 2004-Jun-25, 0 devices found
[   12.057218] EDD information not available.
[   12.065623] input: AT Translated Set 2 keyboard as /devices/platform/i8042/serio0/input/input2
[   12.778627] Freeing unused kernel memory: 1492K (ffffffff81f45000 - ffffffff820ba000)
[   12.792976] Write protecting the kernel read-only data: 14336k
[   12.860765] Freeing unused kernel memory: 1748K (ffff88000184b000 - ffff880001a00000)
[   12.929366] Freeing unused kernel memory: 112K (ffff880001de4000 - ffff880001e00000)
Loading, please wait...
[   12.945856] random: systemd-udevd: uninitialized urandom read (16 bytes read, 3 bits of entropy available)
starting version 229
[   12.946300] random: udevadm: uninitialized urandom read (16 bytes read, 3 bits of entropy available)
[   12.946330] random: udevadm: uninitialized urandom read (16 bytes read, 3 bits of entropy available)
[   12.946422] random: udevadm: uninitialized urandom read (16 bytes read, 3 bits of entropy available)
[   12.946457] random: udevadm: uninitialized urandom read (16 bytes read, 3 bits of entropy available)
[   12.946490] random: udevadm: uninitialized urandom read (16 bytes read, 3 bits of entropy available)
[   12.946531] random: udevadm: uninitialized urandom read (16 bytes read, 3 bits of entropy available)
[   12.946565] random: udevadm: uninitialized urandom read (16 bytes read, 3 bits of entropy available)
[   12.946598] random: udevadm: uninitialized urandom read (16 bytes read, 3 bits of entropy available)
[   12.946628] random: udevadm: uninitialized urandom read (16 bytes read, 3 bits of entropy available)
[   13.694307] e1000: Intel(R) PRO/1000 Network Driver - version 7.3.21-k8-NAPI
[   13.752668] e1000: Copyright (c) 1999-2006 Intel Corporation.
[   13.808944] Fusion MPT base driver 3.04.20
[   13.826756] Copyright (c) 1999-2008 LSI Corporation
[   13.855340] AVX version of gcm_enc/dec engaged.
[   13.856561] AES CTR mode by8 optimization enabled
[   13.863294] Fusion MPT SPI Host driver 3.04.20
[   14.052843] input: ImExPS/2 Generic Explorer Mouse as /devices/platform/i8042/serio1/input/input4
[   14.234762] e1000 0000:00:03.0 eth0: (PCI:33MHz:32-bit) 02:c0:e2:3c:71:11
[   14.252378] e1000 0000:00:03.0 eth0: Intel(R) PRO/1000 Network Connection
[   14.292531] mptbase: ioc0: Initiating bringup
[   14.292963] e1000 0000:00:03.0 enp0s3: renamed from eth0
[   14.428811] ioc0: LSI53C1030 A0: Capabilities={Initiator}
[   14.632440] scsi host2: ioc0: LSI53C1030 A0, FwRev=00000000h, Ports=1, MaxQ=256, IRQ=20
[   14.797039] scsi 2:0:0:0: Direct-Access     VBOX     HARDDISK         1.0  PQ: 0 ANSI: 5
[   14.837092] scsi target2:0:0: Beginning Domain Validation
[   14.871762] scsi target2:0:0: Domain Validation skipping write tests
[   14.892262] scsi target2:0:0: Ending Domain Validation
[   14.929123] scsi target2:0:0: asynchronous
[   14.966989] scsi 2:0:1:0: Direct-Access     VBOX     HARDDISK         1.0  PQ: 0 ANSI: 5
[   14.999110] scsi target2:0:1: Beginning Domain Validation
[   15.066050] scsi target2:0:1: Domain Validation skipping write tests
[   15.078807] scsi target2:0:1: Ending Domain Validation
[   15.082081] scsi target2:0:1: asynchronous
[   15.107777] sd 2:0:0:0: [sda] 20971520 512-byte logical blocks: (10.7 GB/10.0 GiB)
[   15.125644] sd 2:0:0:0: Attached scsi generic sg0 type 0
[   15.183285] sd 2:0:0:0: [sda] Write Protect is off
[   15.189369] sd 2:0:1:0: [sdb] 20480 512-byte logical blocks: (10.5 MB/10.0 MiB)
[   15.189400] sd 2:0:1:0: Attached scsi generic sg1 type 0
[   15.228505] sd 2:0:0:0: [sda] Incomplete mode parameter data
[   15.228507] sd 2:0:0:0: [sda] Assuming drive cache: write through
[   15.231720]  sda: sda1
[   15.233077] sd 2:0:0:0: [sda] Attached SCSI disk
[   15.296212] sd 2:0:1:0: [sdb] Write Protect is off
[   15.861254] sd 2:0:1:0: [sdb] Incomplete mode parameter data
[   17.008307] sd 2:0:1:0: [sdb] Assuming drive cache: write through
[   17.008439] floppy0: no floppy controllers found
[   17.008492] work still pending
[   17.104778] sd 2:0:1:0: [sdb] Attached SCSI disk
Begin: Loading e[   18.556644] md: linear personality registered for level -1
ssential drivers ... [   18.588379] md: multipath personality registered for level -4
[   18.628130] md: raid0 personality registered for level 0
[   18.677399] md: raid1 personality registered for level 1
[   18.815841] raid6: sse2x1   gen()  8840 MB/s
[   18.936327] raid6: sse2x1   xor()  6950 MB/s
[   19.048024] raid6: sse2x2   gen() 11286 MB/s
[   19.160021] raid6: sse2x2   xor()  7104 MB/s
[   19.240332] raid6: sse2x4   gen() 11584 MB/s
[   19.352055] raid6: sse2x4   xor()  8447 MB/s
[   19.389879] raid6: using algorithm sse2x4 gen() 11584 MB/s
[   19.433942] raid6: .... xor() 8447 MB/s, rmw enabled
[   19.490116] raid6: using ssse3x2 recovery algorithm
[   19.525263] xor: automatically using best checksumming function:
[   19.600310]    avx       : 21803.000 MB/sec
[   19.636691] async_tx: api initialized (async)
[   19.661667] md: raid6 personality registered for level 6
[   19.708390] md: raid5 personality registered for level 5
[   19.780519] md: raid4 personality registered for level 4
[   19.850682] md: raid10 personality registered for level 10
done.
Begin: Running /scripts/init-p[   19.962733] Btrfs loaded
remount ... done.
Begin: Mounting root file system ... Begin: Running /scripts/[   20.044845] EXT4-fs (sda1): mounted filesystem with ordered data mode. Opts: (null)
local-top ... done.
Begin: Running /scripts/local-premount ... Scanning for Btrfs filesystems
done.
Warning: fsck not present, so skipping root file system
done.
Begin: Running /scripts/local-bottom ... done.
Begin: Running /scripts/init-bottom ... done.
[   20.307443] systemd[1]: systemd 229 running in system mode. (+PAM +AUDIT +SELINUX +IMA +APPARMOR +SMACK +SYSVINIT +UTMP +LIBCRYPTSETUP +GCRYPT +GNUTLS +ACL +XZ -LZ4 +SECCOMP +BLKID +ELFUTILS +KMOD -IDN)
[   20.489969] systemd[1]: Detected virtualization oracle.
[   20.491299] systemd[1]: Detected architecture x86-64.

Welcome to [1mUbuntu 16.04.3 LTS[0m!

[   20.513539] systemd[1]: Set hostname to <ubuntu-xenial>.
[   20.906133] systemd[1]: Reached target User and Group Name Lookups.
[[0;32m  OK  [0m] Reached target User and Group Name Lookups.
[   20.961114] systemd[1]: Started Forward Password Requests to Wall Directory Watch.
[[0;32m  OK  [0m] Started Forward Password Requests to Wall Directory Watch.
[   21.037035] systemd[1]: Started Trigger resolvconf update for networkd DNS.
[[0;32m  OK  [0m] Started Trigger resolvconf update for networkd DNS.
[   21.108483] systemd[1]: Listening on Syslog Socket.
[[0;32m  OK  [0m] Listening on Syslog Socket.
[   21.192937] systemd[1]: Listening on Journal Socket (/dev/log).
[[0;32m  OK  [0m] Listening on Journal Socket (/dev/log).
[   21.232491] systemd[1]: Listening on udev Kernel Socket.
[[0;32m  OK  [0m] Listening on udev Kernel Socket.
[   21.308756] systemd[1]: Listening on udev Control Socket.
[[0;32m  OK  [0m] Listening on udev Control Socket.
[   21.437032] systemd[1]: Listening on /dev/initctl Compatibility Named Pipe.
[[0;32m  OK  [0m] Listening on /dev/initctl Compatibility Named Pipe.
[   21.605367] systemd[1]: Created slice System Slice.
[[0;32m  OK  [0m] Created slice System Slice.
[   21.627603] systemd[1]: Reached target Encrypted Volumes.
[[0;32m  OK  [0m] Reached target Encrypted Volumes.
[   21.640492] systemd[1]: Listening on Device-mapper event daemon FIFOs.
[[0;32m  OK  [0m] Listening on Device-mapper event daemon FIFOs.
[   21.646200] systemd[1]: Listening on Journal Audit Socket.
[[0;32m  OK  [0m] Listening on Journal Audit Socket.
[   21.684275] systemd[1]: Listening on Journal Socket.
[[0;32m  OK  [0m] Listening on Journal Socket.
[   21.728679] systemd[1]: Mounting Huge Pages File System...
         Mounting Huge Pages File System...
[   21.775291] random: nonblocking pool is initialized
[   21.776141] systemd[1]: Starting Journal Service...
         Starting Journal Service...
[   21.864524] systemd[1]: Mounting POSIX Message Queue File System...
         Mounting POSIX Message Queue File System...
[   22.032484] systemd[1]: Starting Nameserver information manager...
         Starting Nameserver information manager...
[   22.102458] systemd[1]: Starting Set console keymap...
         Starting Set console keymap...
[   22.152885] systemd[1]: Starting Remount Root and Kernel File Systems...
[   22.157886] EXT4-fs (sda1): re-mounted. Opts: (null)
         Starting Remount Root and Kernel File Systems...
[   22.269107] systemd[1]: Created slice User and Session Slice.
[[0;32m  OK  [0m] Created slice User and Session Slice.
[   22.329168] systemd[1]: Reached target Swap.
[[0;32m  OK  [0m] Reached target Swap.
[   22.428466] systemd[1]: Mounting Debug File System...
         Mounting Debug File System...
[   22.492785] systemd[1]: Listening on LVM2 poll daemon socket.
[[0;32m  OK  [0m] Listening on LVM2 poll daemon socket.
[   22.610830] systemd[1]: Created slice system-postgresql.slice.
[[0;32m  OK  [0m] Created slice system-postgresql.slice.
[   22.753258] systemd[1]: Reached target Slices.
[[0;32m  OK  [0m] Reached target Slices.
[   22.804208] systemd[1]: Starting Create list of required static device nodes for the current kernel...
         Starting Create list of required st... nodes for the current kernel...
[   22.857442] systemd[1]: Starting Load Kernel Modules...
         Starting Load Kernel Modules...[   22.874412] Loading iSCSI transport class v2.0-870.

[   22.928377] systemd[1]: Set up automount Arbitrary Executable File Formats File System Automount Point.
[[0;32m  OK  [[   22.933875] iscsi: registered transport (tcp)
0m] Set up automount Arbitrary Executab...ats File System Automount Point.
[   23.010508] systemd[1]: Listening on LVM2 metadata daemon socket.
[   23.021251]isi:egteed tanport (ier
[[0;32m  OK  [0m] Listening on LVM2 metadata daemon socket.
[   23.392896] systemd[1]: Starting Monitoring of LVM2 mirrors, snapshots etc. using dmeventd or progress polling...
         Starting Monitoring of LVM2 mirrors... dmeventd or progress polling...
[   23.552875] systemd[1]: Starting Uncomplicated firewall...
         Starting Uncomplicated firewall...
[   23.609198] systemd[1]: Created slice system-serial\x2dgetty.slice.
[[0;32m  OK  [0m] Created slice system-serial\x2dgetty.slice.
[   23.693296] systemd[1]: Mounted POSIX Message Queue File System.
[[0;32m  OK  [0m] Mounted POSIX Message Queue File System.
[   23.743280] systemd[1]: Mounted Huge Pages File System.
[[0;32m  OK  [0m] Mounted Huge Pages File System.
[   23.773675] systemd[1]: Mounted Debug File System.
[[0;32m  OK  [0m] Mounted Debug File System.
[   23.787020] systemd[1]: Started Journal Service.
[[0;32m  OK  [0m] Started Journal Service.
[[0;32m  OK  [0m] Started Set console keymap.
[[0;32m  OK  [0m] Started Remount Root and Kernel File Systems.
[[0;32m  OK  [0m] Started Create list of required sta...ce nodes for the current kernel.
[[0;32m  OK  [0m] Started Load Kernel Modules.
[[0;32m  OK  [0m] Started Uncomplicated firewall.
[[0;32m  OK  [0m] Started Nameserver information manager.
[[0;32m  OK  [0m] Started LVM2 metadata daemon.
         Mounting FUSE Control File System...
         Starting Apply Kernel Variables...
         Starting Create Static Device Nodes in /dev...
         Starting Load/Save Random Seed...
         Starting udev Coldplug all Devices...
         Starting Initial cloud-init job (pre-networking)...
         Starting Flush Journal to Persistent Storage...
[[0;32m  OK  [0m] Mounted FUSE Control File System.
[[0;32m  OK  [0m] Started Apply Kernel Variables.
[[0;32m  OK  [0m] Started Create Static Device Nodes in /dev.
[[0;32m  OK  [0m] Started Load/Save Random Seed.
[[0;32m  OK  [0m] Started udev Coldplug all Devices.
         Starting udev Kernel Device Manager...
[[0;32m  OK  [0m] Started Monitoring of LVM2 mirrors,...ng dmeventd or progress polling.
[[0;32m  OK  [0m] Started Flush Journal to Persistent Storage.
[[0;32m  OK  [0m] Started udev Kernel Device Manager.
[[0;32m  OK  [0m] Started Dispatch Password Requests to Console Directory Watch.
[[0;32m  OK  [0m] Reached target Local File Systems (Pre).
[[0;32m  OK  [0m] Reached target Local File Systems.
         Starting LSB: AppArmor initialization...
         Starting Tell Plymouth To Write Out Runtime Data...
         Starting Create Volatile Files and Directories...
         Starting Set console font and keymap...
[[0;32m  OK  [0m] Started Tell Plymouth To Write Out Runtime Data.
[[0;32m  OK  [0m] Started Create Volatile Files and Directories.
[[0;32m  OK  [0m] Found device /dev/ttyS0.
         Starting Update UTMP about System Boot/Shutdown...
[[0;32m  OK  [0m] Reached target System Time Synchronized.
[[0;32m  OK  [0m] Started LSB: AppArmor initialization.
[[0;32m  OK  [0m] Listening on Load/Save RF Kill Switch Status /dev/rfkill Watch.
[[0;32m  OK  [0m] Started Update UTMP about System Boot/Shutdown.
[[0;32m  OK  [0m] Found device 82540EM Gigabit Ethern...r (PRO/1000 MT Desktop Adapter).
[   18.896669] cloud-init[471]: Cloud-init v. 0.7.9 running 'init-local' at Tue, 29 Aug 2017 07:57:01 +0000. Up 18.49 seconds.
[[0;32m  OK  [0m] Started Initial cloud-init job (pre-networking).
[[0;32m  OK  [0m] Started Set console font and keymap.
[[0;32m  OK  [0m] Created slice system-getty.slice.
[[0;32m  OK  [0m] Reached target Network (Pre).
[[0;32m  OK  [0m] Started ifup for enp0s3.
         Starting Raise network interfaces...
[[0;32m  OK  [0m] Started Raise network interfaces.
         Starting Initial cloud-init job (metadata service crawler)...
[[0;32m  OK  [0m] Reached target Network.
[   22.007913] cloud-init[976]: Cloud-init v. 0.7.9 running 'init' at Tue, 29 Aug 2017 07:57:04 +0000. Up 21.37 seconds.
[   22.092887] cloud-init[976]: ci-info: +++++++++++++++++++++++++++++++++++++Net device info++++++++++++++++++++++++++++++++++++++
[   22.132834] cloud-init[976]: ci-info: +--------+------+----------------------------+---------------+-------+-------------------+
[   22.133411] cloud-init[976]: ci-info: | Device |  Up  |          Address           |      Mask     | Scope |     Hw-Address    |
[[0;32m  OK  [0m] Started Initial cloud-init job (metadata service crawler).
[   22.133771] cloud-init[976]: ci-info: +--------+------+----------------------------+---------------+-------+-------------------+
[   22.256607] cloud-init[976]: ci-info: |   lo   | True |         127.0.0.1          |   255.0.0.0   |   .   |         .         |
[   22.257797] cloud-init[976]: ci-info: |   lo   | True |          ::1/128           |       .       |  host |         .         |
[[0;32m  OK  [0m] Reached target Cloud-config availability.
[   22.257938] cloud-init[976]: ci-info: | enp0s3 | True |         10.0.2.15          | 255.255.255.0 |   .   | 02:c0:e2:3c:71:11 |
[[0;32m  OK  [0m] Reached target System Initialization.
[   22.481245] cloud-init[976]: ci-info: | enp0s3 | True | fe80::c0:e2ff:fe3c:7111/64 |       .       |  link | 02:c0:e2:3c:71:11 |
[   22.544792] cloud-init[976]: ci-info: +--------+------+----------------------------+---------------+-------+-------------------+
[   22.545366] cloud-init[976]: ci-info: +++++++++++++++++++++++++++Route IPv4 info++++++++++++++++++++++++++++
[[0;32m  OK  [0m] Started ACPI Events Check.
[   22.545776] cloud-init[976]: ci-info: +-------+-------------+----------+---------------+-----------+-------+
[   22.570927] cloud-init[976]: ci-info: | Route | Destination | Gateway  |    Genmask    | Interface | Flags |
[   22.571352] cloud-init[976]: ci-info: +-------+-------------+----------+---------------+-----------+-------+
[[0;32m  OK  [0m] Reached target Paths.
[   22.571418] cloud-init[976]: ci-info: |   0   |   0.0.0.0   | 10.0.2.2 |    0.0.0.0    |   enp0s3  |   UG  |
[   22.846401] cloud-init[976]: ci-info: |   1   |   10.0.2.0  | 0.0.0.0  | 255.255.255.0 |   enp0s3  |   U   |
[   22.847025] cloud-init[976]: ci-info: +-------+-------------+----------+---------------+-----------+-------+
[[0;32m  OK  [0m] Listening on UUID daemon activation socket.
[[0;32m  OK  [0m] Listening on D-Bus System Message Bus Socket.
         Starting LXD - unix socket.
[[0;32m  OK  [0m] Listening on ACPID Listen Socket.
[[0;32m  OK  [0m] Started Daily Cleanup of Temporary Directories.
[[0;32m  OK  [0m] Started Timer to automatically refresh installed snaps.
         Starting Socket activation for snappy daemon.
[[0;32m  OK  [0m] Reached target Network is Online.
         Starting iSCSI initiator daemon (iscsid)...
[[0;32m  OK  [0m] Started Daily apt download activities.
[[0;32m  OK  [0m] Started Daily apt upgrade and clean activities.
[[0;32m  OK  [0m] Reached target Timers.
[[0;32m  OK  [0m] Listening on LXD - unix socket.
[[0;32m  OK  [0m] Listening on Socket activation for snappy daemon.
[[0;32m  OK  [0m] Reached target Sockets.
[[0;32m  OK  [0m] Reached target Basic System.
         Starting Apply the settings specified in cloud-config...
         Starting System Logging Service...
         Starting LSB: Record successful boot for GRUB...
         Starting Accounts Service...
[[0;32m  OK  [0m] Started D-Bus System Message Bus.
[[0;32m  OK  [0m] Started FUSE filesystem for LXC.
         Starting LXD - container startup/shutdown...
[[0;32m  OK  [0m] Started ACPI event daemon.
         Starting OpenBSD Secure Shell server...
         Starting LSB: MD monitoring daemon...
[[0;32m  OK  [0m] Started Snappy daemon.
         Starting /etc/rc.local Compatibility...
[[0;32m  OK  [0m] Started Deferred execution scheduler.
[[0;32m  OK  [0m] Started Regular background program processing daemon.
         Starting Auto import assertions from block devices...
         Starting PostgreSQL Cluster 9.5-main...
[[0;32m  OK  [0m] Started Unattended Upgrades Shutdown.
         Starting Login Service...
[[0;32m  OK  [0m] Started System Logging Service.
[[0;32m  OK  [0m] Started OpenBSD Secure Shell server.
[[0;32m  OK  [0m] Started iSCSI initiator daemon (iscsid).
[[0;32m  OK  [0m] Started LXD - container startup/shutdown.
[[0;32m  OK  [0m] Started /etc/rc.local Compatibility.
[[0;32m  OK  [0m] Started Auto import assertions from block devices.
[[0;32m  OK  [0m] Started LSB: Record successful boot for GRUB.
[[0;32m  OK  [0m] Started LSB: MD monitoring daemon.
         Starting Authenticate and Authorize Users to Run Privileged Tasks...
         Starting Login to default iSCSI targets...
[[0;32m  OK  [0m] Started Login Service.
[[0;32m  OK  [0m] Started Authenticate and Authorize Users to Run Privileged Tasks.
[[0;32m  OK  [0m] Started Login to default iSCSI targets.
[[0;32m  OK  [0m] Started Accounts Service.
[[0;32m  OK  [0m] Reached target Remote File Systems (Pre).
[[0;32m  OK  [0m] Reached target Remote File Systems.
         Starting LSB: Set the CPU Frequency Scaling governor to "ondemand"...
         Starting LSB: automatic crash report generation...
         Starting LSB: Start/stop sysstat's sadc...
         Starting LSB: daemon to balance interrupts for SMP systems...
[   24.470676] cloud-init[1033]: Cloud-init v. 0.7.9 running 'modules:config' at Tue, 29 Aug 2017 07:57:07 +0000. Up 24.06 seconds.
         Starting Permit User Sessions...
         Starting LSB: VirtualBox Linux Additions...
[[0;32m  OK  [0m] Started Apply the settings specified in cloud-config.
[[0;32m  OK  [0m] Started Permit User Sessions.
[[0;32m  OK  [0m] Started LSB: Set the CPU Frequency Scaling governor to "ondemand".
[[0;32m  OK  [0m] Started LSB: Start/stop sysstat's sadc.
[[0;32m  OK  [0m] Started LSB: automatic crash report generation.
[[0;32m  OK  [0m] Started LSB: daemon to balance interrupts for SMP systems.
[[0;32m  OK  [0m] Created slice User Slice of ubuntu.
[[0;32m  OK  [0m] Started Session 1 of user ubuntu.
         Starting User Manager for UID 1000...
         Starting Hold until boot process finishes up...
         Starting Terminate Plymouth Boot Screen...
[[0;32m  OK  [0m] Started User Manager for UID 1000.
[[0;32m  OK  [0m] Started LSB: VirtualBox Linux Additions.
[[0;32m  OK  [0m] Started Hold until boot process finishes up.
[[0;32m  OK  [0m] Started Terminate Plymouth Boot Screen.
         Starting Set console scheme...
[[0;32m  OK  [0m] Started Serial Getty on ttyS0.
[[0;32m  OK  [0m] Started Getty on tty1.
[[0;32m  OK  [0m] Reached target Login Prompts.
[[0;32m  OK  [0m] Started Set console scheme.
[[0;32m  OK  [0m] Started PostgreSQL Cluster 9.5-main.
         Starting PostgreSQL RDBMS...
[[0;32m  OK  [0m] Started PostgreSQL RDBMS.
[[0;32m  OK  [0m] Reached target Multi-User System.
         Starting Execute cloud user/final scripts...
[[0;32m  OK  [0m] Reached target Graphical Interface.
         Starting Update UTMP about System Runlevel Changes...
[[0;32m  OK  [0m] Started Update UTMP about System Runlevel Changes.
[   27.276687] cloud-init[1311]: Cloud-init v. 0.7.9 running 'modules:final' at Tue, 29 Aug 2017 07:57:10 +0000. Up 27.11 seconds.
[   27.335357] cloud-init[1311]: Cloud-init v. 0.7.9 finished at Tue, 29 Aug 2017 07:57:10 +0000. Datasource DataSourceNoCloud [seed=/dev/sdb][dsmode=net].  Up 27.26 seconds
[[0;32m  OK  [0m] Started Execute cloud user/final scripts.
[[0;32m  OK  [0m] Reached target Cloud-init target.


Ubuntu 16.04.3 LTS ubuntu-xenial ttyS0

ubuntu-xenial login:          Stopping Session 13 of user ubuntu.
         Stopping ACPI event daemon...
         Stopping Authenticate and Authorize Users to Run Privileged Tasks...
[[0;32m  OK  [0m] Stopped target Graphical Interface.
         Stopping User Manager for UID 1000...
[[0;32m  OK  [0m] Stopped target Timers.
[[0;32m  OK  [0m] Stopped Daily apt upgrade and clean activities.
[[0;32m  OK  [0m] Stopped Daily apt download activities.
[[0;32m  OK          Stopping PostgreSQL Cluster 9.5-main...
         Stopping Unattended Upgrades Shutdown...
         Stopping LSB: Set the CPU Frequency Scaling governor to "ondemand"...
         Stopping LXD - container startup/shutdown...
         Stopping LSB: VirtualBox Linux Additions...
         Stopping FUSE filesystem for LXC...
[[0;32m  OK  [0m] Stopped Apply the settings specified in cloud-config.
[[0;32m  OK  [0m] Stopped target Cloud-config availability.
         Stopping Accounts Service...
[[0;32m  OK  [0m] Unmounted /var/lib/lxcfs.
[[0;32m  OK  [0m] Stopped System Logging Service.
[[0;32m  OK  [0m] Stopped Accounts Service.
[[0;32m  OK  [0m] Stopped ACPI event daemon.
[[0;32m  OK  [0m] Stopped OpenBSD Secure Shell server.
[[0;32m  OK  [0m] Stopped Snappy daemon.
[[0;32m  OK  [0m] Stopped Deferred execution scheduler.
[[0;32m  OK  [0m] Stopped Regular background program processing daemon.
[[0;32m  OK  [0m] Stopped Authenticate and Authorize Users to Run Privileged Tasks.
[[0;32m  OK  [0m] Stopped Serial Getty on ttyS0.
[[0;32m  OK  [0m] Stopped Getty on tty1.
[[0;32m  OK  [0m] Stopped User Manager for UID 1000.
[[0;32m  OK  [0m] Stopped Session 13 of user ubuntu.
[[0;32m  OK  [0m] Stopped D-Bus System Message Bus.
[[0;32m  OK  [0m] Stopped Unattended Upgrades Shutdown.
[[0;32m  OK  [0m] Stopped FUSE filesystem for LXC.
[[0;32m  OK  [0m] Stopped LSB: Start/stop sysstat's sadc.
[[0;32m  OK  [0m] Stopped LSB: daemon to balance interrupts for SMP systems.
[[0;32m  OK  [0m] Stopped LSB: MD monitoring daemon.
[[0;32m  OK  [0m] Stopped LSB: automatic crash report generation.
[[0;32m  OK  [0m] Stopped LSB: Record successful boot for GRUB.
[[0;32m  OK  [0m] Stopped LSB: Set the CPU Frequency Scaling governor to "ondemand".
[[0;32m  OK  [0m] Stopped LXD - container startup/shutdown.
[[0;32m  OK  [0m] Stopped LSB: VirtualBox Linux Additions.
[[0;32m  OK  [0m] Removed slice User Slice of ubuntu.
         Stopping Login Service...
[[0;32m  OK  [0m] Removed slice system-getty.slice.
         Stopping Permit User Sessions...
[[0;32m  OK  [0m] Removed slice system-serial\x2dgetty.slice.
[[0;32m  OK  [0m] Stopped /etc/rc.local Compatibility.
[[0;32m  OK  [0m] Stopped Login Service.
[[0;32m  OK  [0m] Stopped Permit User Sessions.
[[0;32m  OK  [0m] Stopped PostgreSQL Cluster 9.5-main.
[[0;32m  OK  [0m] Removed slice system-postgresql.slice.
[[0;32m  OK  [0m] Stopped target Remote File Systems.
[[0;32m  OK  [0m] Stopped target Remote File Systems (Pre).
         Stopping Login to default iSCSI targets...
[[0;32m  OK  [0m] Stopped target Basic System.
[[0;32m  OK  [0m] Stopped target Slices.
[[0;32m  OK  [0m] Stopped target Paths.
[[0;32m  OK  [0m] Stopped ACPI Events Check.
[[0;32m  OK  [0m] Stopped Forward Password Requests to Wall Directory Watch.
[[0;32m  OK  [0m] Stopped Dispatch Password Requests to Console Directory Watch.
[[0;32m  OK  [0m] Stopped target Sockets.
[[0;32m  OK  [0m] Closed LXD - unix socket.
[[0;32m  OK  [0m] Closed Syslog Socket.
[[0;32m  OK  [0m] Closed Socket activation for snappy daemon.
[[0;32m  OK  [0m] Closed ACPID Listen Socket.
[[0;32m  OK  [0m] Closed UUID daemon activation socket.
[[0;32m  OK  [0m] Removed slice User and Session Slice.
[[0;32m  OK  [0m] Stopped target User and Group Name Lookups.
[[0;32m  OK  [0m] Closed D-Bus System Message Bus Socket.
[[0;32m  OK  [0m] Stopped target System Initialization.
[[0;32m  OK  [0m] Stopped Create Volatile Files and Directories.
         Stopping Load/Save Random Seed...
[[0;32m  OK  [0m] Stopped target Swap.
[[0;32m  OK  [0m] Stopped target Encrypted Volumes.
[[0;32m  OK  [0m] Stopped Load/Save Random Seed.
[[0;32m  OK  [0m] Stopped Login to default iSCSI targets.
         Stopping iSCSI initiator daemon (iscsid)...
[[0;32m  OK  [0m] Stopped iSCSI initiator daemon (iscsid).
[[0;32m  OK  [0m] Stopped target Network is Online.
[[0;32m  OK  [0m] Stopped Initial cloud-init job (metadata service crawler).
[[0;32m  OK  [0m] Stopped target Network.
         Stopping Raise network interfaces...
[[0;32m  OK  [0m] Stopped Raise network interfaces.
[[0;32m  OK  [0m] Stopped target Network (Pre).
[[0;32m  OK  [0m] Stopped Initial cloud-init job (pre-networking).
[[0;32m  OK  [0m] Stopped Apply Kernel Variables.
[[0;32m  OK  [0m] Stopped Load Kernel Modules.
[[0;32m  OK  [0m] Stopped target Local File Systems.
         Unmounting /home/ubuntu/workspace...
         Unmounting /vagrant...
         Unmounting /run/user/1000...
[[0;32m  OK  [0m] Unmounted /home/ubuntu/workspace.
[[0;32m  OK  [0m] Unmounted /vagrant.
[[0;32m  OK  [0m] Unmounted /run/user/1000.
[[0;32m  OK  [0m] Reached target Unmount All Filesystems.
[[0;32m  OK  [0m] Stopped target Local File Systems (Pre).
[[0;32m  OK  [0m] Stopped Create Static Device Nodes in /dev.
[[0;32m  OK  [0m] Stopped Remount Root and Kernel File Systems.
[[0;32m  OK  [0m] Reached target Shutdown.
[ 4781.150911] reboot: Power down
